INFO:root:Application Run: build_meta_base
INFO:root:Getting meta-features.
INFO:root:Grid search.
INFO:root:Random Search.
INFO:root:Bayes Search.
INFO:root:Writing file.
INFO:root:Done.
INFO:root:Application Run: build_meta_base
INFO:root:Getting meta-features.
INFO:root:Grid search.
INFO:root:Application Run: build_meta_base
INFO:root:Writing file.
INFO:root:Application Run: build_meta_base
INFO:root:Getting meta-features.
INFO:root:Random Search.
INFO:root:Writing file.
INFO:root:Done.
INFO:root:Application Run: build_meta_base
INFO:root:Getting meta-features.
INFO:root:Bayes Search.
INFO:root:Writing file.
INFO:root:Done.
INFO:root:Application Run: build_meta_base
INFO:root:Getting meta-features.
INFO:root:Bayes Search.
INFO:root:Writing file.
INFO:root:Done.
INFO:root:Application Run: build_meta_base
INFO:root:Getting meta-features.
INFO:root:Bayes Search.
INFO:root:Writing file.
INFO:root:Done.
INFO:root:Application Run: build_meta_base
INFO:root:Writing file.
INFO:root:Application Run: build_meta_base
INFO:root:Getting meta-features.
INFO:root:Bayes Search.
INFO:root:Writing file.
INFO:root:Done.
INFO:root:Application Run: build_meta_base
INFO:root:Getting meta-features.
INFO:root:Bayes Search.
INFO:root:Writing file.
INFO:root:Done.
INFO:root:Application Run: build_meta_base
INFO:root:Getting meta-features.
INFO:root:Bayes Search.
INFO:root:Writing file.
INFO:root:Done.
INFO:root:Application Run: build_meta_base
INFO:root:Getting meta-features.
INFO:root:Random Search.
INFO:root:Writing file.
INFO:root:Done.
INFO:root:Application Run: build_meta_base
INFO:root:Getting meta-features.
INFO:root:Application Run: build_meta_base
INFO:root:Getting meta-features.
INFO:root:Random Search.
INFO:root:Writing file.
INFO:root:Done.
INFO:root:Application Run: build_meta_base
INFO:root:Getting meta-features.
INFO:root:Random Search.
INFO:root:Writing file.
INFO:root:Done.
INFO:root:Application Run: build_meta_base
INFO:root:Application Run: build_meta_base
INFO:root:Writing file.
INFO:root:Application Run: build_meta_base
INFO:root:Getting meta-features.
INFO:root:Random Search.
INFO:root:Getting meta-features.
INFO:root:Random Search.
INFO:root:Getting meta-features.
INFO:root:Random Search.
INFO:root:Getting meta-features.
INFO:root:Random Search.
INFO:root:Application Run: build_meta_base
INFO:root:Getting meta-features.
INFO:root:Bayes Search.
INFO:root:Application Run: build_meta_base
INFO:root:Getting meta-features.
INFO:root:Bayes Search.
INFO:root:Getting meta-features.
INFO:root:Bayes Search.
INFO:root:Getting meta-features.
INFO:root:Bayes Search.
INFO:root:Getting meta-features.
INFO:root:Bayes Search.
INFO:root:Getting meta-features.
INFO:root:Bayes Search.
INFO:root:Getting meta-features.
INFO:root:Bayes Search.
INFO:root:Getting meta-features.
INFO:root:Bayes Search.
INFO:root:Getting meta-features.
INFO:root:Application Run: build_meta_base
INFO:root:Application Run: build_meta_base
INFO:root:Application Run: build_meta_base
INFO:root:Getting meta-features.
INFO:root:Bayes Search.
INFO:root:Getting meta-features.
INFO:root:Bayes Search.
INFO:root:Getting meta-features.
INFO:root:Bayes Search.
INFO:root:Application Run: build_meta_base
INFO:root:Getting meta-features.
INFO:root:Bayes Search.
INFO:root:Getting meta-features.
INFO:root:Bayes Search.
INFO:root:Getting meta-features.
INFO:root:Bayes Search.
INFO:root:Getting meta-features.
INFO:root:Bayes Search.
INFO:root:Getting meta-features.
INFO:root:Bayes Search.
INFO:root:Getting meta-features.
INFO:root:Bayes Search.
INFO:root:Getting meta-features.
INFO:root:Bayes Search.
INFO:root:Getting meta-features.
INFO:root:Bayes Search.
INFO:root:Getting meta-features.
INFO:root:Bayes Search.
INFO:root:Getting meta-features.
INFO:root:Bayes Search.
INFO:root:Getting meta-features.
INFO:root:Bayes Search.
INFO:root:Getting meta-features.
INFO:root:Bayes Search.
INFO:root:Getting meta-features.
INFO:root:Application Run: build_meta_base
INFO:root:Getting meta-features.
INFO:root:Getting meta-features.
INFO:root:Getting meta-features.
INFO:root:Getting meta-features.
INFO:root:Getting meta-features.
INFO:root:Getting meta-features.
INFO:root:Getting meta-features.
INFO:root:Getting meta-features.
INFO:root:Getting meta-features.
INFO:root:Getting meta-features.
INFO:root:Getting meta-features.
INFO:root:Getting meta-features.
INFO:root:Getting meta-features.
INFO:root:Application Run: build_meta_base
INFO:root:Getting meta-features.
INFO:root:Bayes Search.
INFO:root:Getting meta-features.
INFO:root:Bayes Search.
INFO:root:Getting meta-features.
INFO:root:Bayes Search.
INFO:root:Getting meta-features.
INFO:root:Bayes Search.
INFO:root:Getting meta-features.
INFO:root:Bayes Search.
INFO:root:Getting meta-features.
INFO:root:Bayes Search.
INFO:root:Getting meta-features.
INFO:root:Bayes Search.
INFO:root:Getting meta-features.
INFO:root:Bayes Search.
INFO:root:Getting meta-features.
INFO:root:Bayes Search.
INFO:root:Getting meta-features.
INFO:root:Bayes Search.
